


ARM Macro Assembler    Page 1 


    1 00000000         
    2 00000000         ;16s counter 
    3 00000000         ;main.s
    4 00000000         ;Author : zhou zhou
    5 00000000         ;Date: 05/09/2017
    6 00000000         ;Runs on TM4C1294 
    7 00000000         ;PJ0 as a set button
    8 00000000         ;PJ1 as a reset button
    9 00000000         ;PN0 LED indicates nQ
   10 00000000         ;PN1 LED indicates Q
   11 00000000         
   12 00000000         
   13 00000000 400643FC 
                       GPIO_PORTN_DATA_R
                               EQU              0x400643FC
   14 00000000 40064400 
                       GPIO_PORTN_DIR_R
                               EQU              0x40064400
   15 00000000 4006451C 
                       GPIO_PORTN_DEN_R
                               EQU              0x4006451C
   16 00000000 40064420 
                       GPIO_PORTN_AFSEL_R
                               EQU              0x40064420
   17 00000000         
   18 00000000 4005D3FC 
                       GPIO_PORTF_DATA_R
                               EQU              0x4005D3FC
   19 00000000 4005D400 
                       GPIO_PORTF_DIR_R
                               EQU              0x4005D400
   20 00000000 4005D51C 
                       GPIO_PORTF_DEN_R
                               EQU              0x4005D51C
   21 00000000 4005D420 
                       GPIO_PORTF_AFSEL_R
                               EQU              0x4005D420
   22 00000000         
   23 00000000 E000E010 
                       NVIC_ST_CTRL_R
                               EQU              0xE000E010
   24 00000000 E000E014 
                       NVIC_ST_RELOAD_R
                               EQU              0xE000E014
   25 00000000 E000E018 
                       NVIC_ST_CURRENT_R
                               EQU              0xE000E018
   26 00000000         
   27 00000000 400FE608 
                       SYSCTL_RCGCGPIO_R
                               EQU              0x400FE608
   28 00000000         
   29 00000000                 AREA             |.text|, CODE, READONLY, ALIGN=
2
   30 00000000                 THUMB
   31 00000000                 EXPORT           __main
   32 00000000         
   33 00000000         GPIO_Init
   34 00000000         ;enable clcok for both port



ARM Macro Assembler    Page 2 


   35 00000000 4935            LDR              R1, =SYSCTL_RCGCGPIO_R
   36 00000002 6808            LDR              R0, [R1]    ; R0 = [R1]
   37 00000004 F440 5089       ORR              R0, R0, #0x1120 ;    ;Enable Po
                                                            rt N F J
   38 00000008 6008            STR              R0, [R1]    ; [R1] = R0
   39 0000000A BF00            NOP
   40 0000000C BF00            NOP
   41 0000000E BF00            NOP
   42 00000010 BF00            NOP                          ; allow time to fin
                                                            ish activating
   43 00000012         ;direction registers
   44 00000012 4932            LDR              R1, =GPIO_PORTN_DIR_R ; R1 = &G
                                                            PIO_PORTN_DIR_R
   45 00000014 6808            LDR              R0, [R1]    ; R0 = [R1]
   46 00000016 F040 0003       ORR              R0, R0, #0x03 ; R0 = R0|0x03 (m
                                                            ake PN0,PN1 output)
                                                            
   47 0000001A 6008            STR              R0, [R1]
   48 0000001C         
   49 0000001C 4930            LDR              R1, =GPIO_PORTF_DIR_R ; R1 = &G
                                                            PIO_PORTF_DIR_R
   50 0000001E 6808            LDR              R0, [R1]    ; R0 = [R1]
   51 00000020 F040 0011       ORR              R0, R0, #0x11 ; R0 = R0|0x11 (m
                                                            ake PF0,PF4 output)
                                                            
   52 00000024 6008            STR              R0, [R1]
   53 00000026         
   54 00000026         ;digital enable
   55 00000026 492F            LDR              R1, =GPIO_PORTN_DEN_R ; R1 = &G
                                                            PIO_PORTN_DEN_R
   56 00000028 6808            LDR              R0, [R1]    ; R0 = [R1]
   57 0000002A F040 0003       ORR              R0, R0, #0x03 ; R0 = R0|0x03 (e
                                                            nable digital I/O o
                                                            n PN0,PN1)
   58 0000002E 6008            STR              R0, [R1]
   59 00000030         
   60 00000030 492D            LDR              R1, =GPIO_PORTF_DEN_R ; R1 = &G
                                                            PIO_PORTF_DEN_R
   61 00000032 6808            LDR              R0, [R1]    ; R0 = [R1]
   62 00000034 F040 0011       ORR              R0, R0, #0x11 ; R0 = R0|0x03 (e
                                                            nable digital I/O o
                                                            n PF0,PF4)
   63 00000038 6008            STR              R0, [R1]
   64 0000003A         
   65 0000003A 4770            BX               LR
   66 0000003C         
   67 0000003C         SysTick_Init
   68 0000003C         
   69 0000003C 492B            LDR              R1, =NVIC_ST_CTRL_R ; Load the 
                                                            memory address for 
                                                            the SysTick Control
                                                             register
   70 0000003E 4A2C            LDR              R2, =NVIC_ST_RELOAD_R ;  Load t
                                                            he memory address f
                                                            or the 
   71 00000040 4B2C            LDR              R3, =NVIC_ST_CURRENT_R ;  Load 
                                                            the memory address 
                                                            for the 
   72 00000042         



ARM Macro Assembler    Page 3 


   73 00000042 F04F 0000       MOV              R0, #0      ; Prepare 0 to rese
                                                            t the SysTick Contr
                                                            ol register
   74 00000046 F06F 447F       MOV              R4, #0xFFFFFF ;  Prepare 0xFFFF
                                                            FF (Max value for L
                                                            oad register) Into 
                                                            General register 4
   75 0000004A         
   76 0000004A 6008            STR              R0, [R1]    ;  Store 0x0 into t
                                                            he SysTick Control 
                                                            register
   77 0000004C 6014            STR              R4, [R2]    ;  Store 0xFFFFFF i
                                                            nto the SysTick Loa
                                                            d register
   78 0000004E 6018            STR              R0, [R3]    ;  Store 0 into the
                                                             SysTick Current re
                                                            gister
   79 00000050         
   80 00000050 F04F 0205       MOV              R2, #5      ; Prepare 1, to Ena
                                                            ble the SysTick Tim
                                                            er
   81 00000054 600A            STR              R2, [R1]    ; Store 1 into the 
                                                            SysTick Control reg
                                                            ister, enabling it
   82 00000056         
   83 00000056 4770            BX               LR
   84 00000058         
   85 00000058         
   86 00000058         
   87 00000058         WAIT1S
   88 00000058 4E25            LDR              R6, =NVIC_ST_RELOAD_R ; Load th
                                                            e reload register a
                                                            ddress
   89 0000005A 4F26            LDR              R7, =NVIC_ST_CURRENT_R ; Load t
                                                            he reload register 
                                                            address
   90 0000005C F24F 4424       MOV              R4, #0xF424 ;  Prepare 16 milli
                                                            on to be stored int
                                                            o the load register
                                                             (needs to be shift
                                                            ed)
   91 00000060 EA4F 2404       LSL              R4, #8      ; Shift the loaded 
                                                            value in R0 left by
                                                             2 bytes to make it
                                                             equivalent to 16 m
                                                            illion
   92 00000064 F04F 0500       MOV              R5, #0      ; Prepare 0 to be l
                                                            oaded into the curr
                                                            ent register
   93 00000068 6034            STR              R4, [R6]    ;  Store 16 million
                                                             in the SysTick loa
                                                            d register
   94 0000006A 603D            STR              R5, [R7]    ; Set the SysTick C
                                                            urrent register to 
                                                            0
   95 0000006C         ;STR R5, [R6]     ;  Write 0 to the RELOAD REGISTER to p
                       revent reloading
   96 0000006C         W_LOOP1
   97 0000006C 491F            LDR              R1,=NVIC_ST_CTRL_R



ARM Macro Assembler    Page 4 


   98 0000006E 6808            LDR              R0,[R1]
   99 00000070 F400 3080       AND              R0,#0x00010000
  100 00000074 2800            CMP              R0,#0x00
  101 00000076 D0F9            BEQ              W_LOOP1
  102 00000078 4770            BX               LR
  103 0000007A         
  104 0000007A         
  105 0000007A         DELAY1                               ; delay 3ms
  106 0000007A F64F 50E8       MOV              R0, #65000
  107 0000007E         LOOP_DELAY1
  108 0000007E 3801            SUBS             R0, #1
  109 00000080 BF00            NOP
  110 00000082 BF00            NOP
  111 00000084 D1FB            BNE              LOOP_DELAY1
  112 00000086         
  113 00000086 4770            BX               LR
  114 00000088         
  115 00000088         
  116 00000088         __main
  117 00000088 F7FF FFBA       BL               GPIO_Init
  118 0000008C F7FF FFD6       BL               SysTick_Init
  119 00000090         LOOP1
  120 00000090 F04F 0200       MOV              R2, #0      ; Set the initial v
                                                            alue for counter
  121 00000094         LOOP2
  122 00000094 4610            MOV              R0,R2       ; load current valu
                                                            e 
  123 00000096 4613            MOV              R3,R2
  124 00000098 F000 0001       AND              R0,#0x01    ; isolate current v
                                                            alue's first bit
  125 0000009C F003 0302       AND              R3,#0x02    ; isolate current v
                                                            alue's second bit
  126 000000A0 EA4F 03C3       LSL              R3,#3       ; shift left 3 bits
                                                            , LEDs are portN_0 
                                                            and PORTN_4
  127 000000A4 EA40 0003       ORR              R0,R0,R3    ; add two value tog
                                                            ether and store 
  128 000000A8         
  129 000000A8 4913            LDR              R1,=GPIO_PORTF_DATA_R ; into da
                                                            ta register
  130 000000AA 6008            STR              R0,[R1]
  131 000000AC         
  132 000000AC 4610            MOV              R0,R2       ;load current value
                                                            
  133 000000AE 4613            MOV              R3,R2
  134 000000B0 F000 0004       AND              R0,#0x04    ; isolate current v
                                                            alue's third bit
  135 000000B4 EA4F 0090       LSR              R0,#2       ; shift to right 2 
                                                            since it correspond
                                                            s to PORTN_0
  136 000000B8 F003 0308       AND              R3,#0x08    ; isolate forth bit
                                                            
  137 000000BC EA4F 0393       LSR              R3,#2       ; shift to right 2 
                                                            since it correspond
                                                            s to PORTN_1
  138 000000C0 EA40 0003       ORR              R0,R0,R3
  139 000000C4 490D            LDR              R1,=GPIO_PORTN_DATA_R
  140 000000C6 6008            STR              R0,[R1]
  141 000000C8         



ARM Macro Assembler    Page 5 


  142 000000C8 F7FF FFC6       BL               WAIT1S
  143 000000CC         ;BL  DELAY1
  144 000000CC         ;BL  DELAY1
  145 000000CC         ;BL  DELAY1
  146 000000CC         
  147 000000CC F102 0201       ADD              R2, #1      ; increment current
                                                             value
  148 000000D0 2A10            CMP              R2, #0x10   ; check if it over 
                                                            16
  149 000000D2 D1DF            BNE              LOOP2
  150 000000D4         
  151 000000D4 E7DC            B                LOOP1
  152 000000D6         
  153 000000D6 00 00           ALIGN
  154 000000D8                 END
              400FE608 
              40064400 
              4005D400 
              4006451C 
              4005D51C 
              E000E010 
              E000E014 
              E000E018 
              4005D3FC 
              400643FC 
Command Line: --16 --debug --xref --diag_suppress=9931 --cpu=Cortex-M4.fp.sp --
apcs=interwork --depend=.\objects\main.d -o.\objects\main.o -I.\RTE\_Target_1 -
IC:\Users\Blane\AppData\Local\Arm\Packs\ARM\CMSIS\5.8.0\CMSIS\Core\Include -IC:
\Users\Blane\AppData\Local\Arm\Packs\Keil\TM4C_DFP\1.1.0\Device\Include\TM4C129
 --predefine="__EVAL SETA 1" --predefine="__UVISION_VERSION SETA 536" --predefi
ne="_RTE_ SETA 1" --predefine="TM4C1294NCPDT SETA 1" --predefine="_RTE_ SETA 1"
 --list=.\listings\main.lst main.s



ARM Macro Assembler    Page 1 Alphabetic symbol ordering
Relocatable symbols

.text 00000000

Symbol: .text
   Definitions
      At line 29 in file main.s
   Uses
      None
Comment: .text unused
DELAY1 0000007A

Symbol: DELAY1
   Definitions
      At line 105 in file main.s
   Uses
      None
Comment: DELAY1 unused
GPIO_Init 00000000

Symbol: GPIO_Init
   Definitions
      At line 33 in file main.s
   Uses
      At line 117 in file main.s
Comment: GPIO_Init used once
LOOP1 00000090

Symbol: LOOP1
   Definitions
      At line 119 in file main.s
   Uses
      At line 151 in file main.s
Comment: LOOP1 used once
LOOP2 00000094

Symbol: LOOP2
   Definitions
      At line 121 in file main.s
   Uses
      At line 149 in file main.s
Comment: LOOP2 used once
LOOP_DELAY1 0000007E

Symbol: LOOP_DELAY1
   Definitions
      At line 107 in file main.s
   Uses
      At line 111 in file main.s
Comment: LOOP_DELAY1 used once
SysTick_Init 0000003C

Symbol: SysTick_Init
   Definitions
      At line 67 in file main.s
   Uses
      At line 118 in file main.s
Comment: SysTick_Init used once
WAIT1S 00000058

Symbol: WAIT1S



ARM Macro Assembler    Page 2 Alphabetic symbol ordering
Relocatable symbols

   Definitions
      At line 87 in file main.s
   Uses
      At line 142 in file main.s
Comment: WAIT1S used once
W_LOOP1 0000006C

Symbol: W_LOOP1
   Definitions
      At line 96 in file main.s
   Uses
      At line 101 in file main.s
Comment: W_LOOP1 used once
__main 00000088

Symbol: __main
   Definitions
      At line 116 in file main.s
   Uses
      At line 31 in file main.s
Comment: __main used once
10 symbols



ARM Macro Assembler    Page 1 Alphabetic symbol ordering
Absolute symbols

GPIO_PORTF_AFSEL_R 4005D420

Symbol: GPIO_PORTF_AFSEL_R
   Definitions
      At line 21 in file main.s
   Uses
      None
Comment: GPIO_PORTF_AFSEL_R unused
GPIO_PORTF_DATA_R 4005D3FC

Symbol: GPIO_PORTF_DATA_R
   Definitions
      At line 18 in file main.s
   Uses
      At line 129 in file main.s
Comment: GPIO_PORTF_DATA_R used once
GPIO_PORTF_DEN_R 4005D51C

Symbol: GPIO_PORTF_DEN_R
   Definitions
      At line 20 in file main.s
   Uses
      At line 60 in file main.s
Comment: GPIO_PORTF_DEN_R used once
GPIO_PORTF_DIR_R 4005D400

Symbol: GPIO_PORTF_DIR_R
   Definitions
      At line 19 in file main.s
   Uses
      At line 49 in file main.s
Comment: GPIO_PORTF_DIR_R used once
GPIO_PORTN_AFSEL_R 40064420

Symbol: GPIO_PORTN_AFSEL_R
   Definitions
      At line 16 in file main.s
   Uses
      None
Comment: GPIO_PORTN_AFSEL_R unused
GPIO_PORTN_DATA_R 400643FC

Symbol: GPIO_PORTN_DATA_R
   Definitions
      At line 13 in file main.s
   Uses
      At line 139 in file main.s
Comment: GPIO_PORTN_DATA_R used once
GPIO_PORTN_DEN_R 4006451C

Symbol: GPIO_PORTN_DEN_R
   Definitions
      At line 15 in file main.s
   Uses
      At line 55 in file main.s
Comment: GPIO_PORTN_DEN_R used once
GPIO_PORTN_DIR_R 40064400

Symbol: GPIO_PORTN_DIR_R



ARM Macro Assembler    Page 2 Alphabetic symbol ordering
Absolute symbols

   Definitions
      At line 14 in file main.s
   Uses
      At line 44 in file main.s
Comment: GPIO_PORTN_DIR_R used once
NVIC_ST_CTRL_R E000E010

Symbol: NVIC_ST_CTRL_R
   Definitions
      At line 23 in file main.s
   Uses
      At line 69 in file main.s
      At line 97 in file main.s

NVIC_ST_CURRENT_R E000E018

Symbol: NVIC_ST_CURRENT_R
   Definitions
      At line 25 in file main.s
   Uses
      At line 71 in file main.s
      At line 89 in file main.s

NVIC_ST_RELOAD_R E000E014

Symbol: NVIC_ST_RELOAD_R
   Definitions
      At line 24 in file main.s
   Uses
      At line 70 in file main.s
      At line 88 in file main.s

SYSCTL_RCGCGPIO_R 400FE608

Symbol: SYSCTL_RCGCGPIO_R
   Definitions
      At line 27 in file main.s
   Uses
      At line 35 in file main.s
Comment: SYSCTL_RCGCGPIO_R used once
12 symbols
359 symbols in table
